<?xml version="1.0" encoding="UTF-8"?>
<testsuite xmlns:xsi="http://www.w3.org/2001/XMLSchema-instance" xsi:noNamespaceSchemaLocation="https://maven.apache.org/surefire/maven-surefire-plugin/xsd/surefire-test-report.xsd" name="com.definesys.rt.RtApplicationTests" time="15.82" tests="1" errors="0" skipped="0" failures="0">
  <properties>
    <property name="sun.desktop" value="windows"/>
    <property name="awt.toolkit" value="sun.awt.windows.WToolkit"/>
    <property name="file.encoding.pkg" value="sun.io"/>
    <property name="java.specification.version" value="1.8"/>
    <property name="sun.cpu.isalist" value="amd64"/>
    <property name="sun.jnu.encoding" value="GBK"/>
    <property name="java.class.path" value="E:\definesys\rt\target\test-classes;E:\definesys\rt\target\classes;E:\stsworkpace\repository\com\auth0\java-jwt\3.4.1\java-jwt-3.4.1.jar;E:\stsworkpace\repository\com\fasterxml\jackson\core\jackson-databind\2.11.2\jackson-databind-2.11.2.jar;E:\stsworkpace\repository\com\fasterxml\jackson\core\jackson-annotations\2.11.2\jackson-annotations-2.11.2.jar;E:\stsworkpace\repository\com\fasterxml\jackson\core\jackson-core\2.11.2\jackson-core-2.11.2.jar;E:\stsworkpace\repository\commons-codec\commons-codec\1.14\commons-codec-1.14.jar;E:\stsworkpace\repository\org\apache\commons\commons-lang3\3.9\commons-lang3-3.9.jar;E:\stsworkpace\repository\org\springframework\boot\spring-boot-starter-data-jpa\2.3.3.RELEASE\spring-boot-starter-data-jpa-2.3.3.RELEASE.jar;E:\stsworkpace\repository\org\springframework\boot\spring-boot-starter-aop\2.3.3.RELEASE\spring-boot-starter-aop-2.3.3.RELEASE.jar;E:\stsworkpace\repository\org\springframework\spring-aop\5.2.8.RELEASE\spring-aop-5.2.8.RELEASE.jar;E:\stsworkpace\repository\org\aspectj\aspectjweaver\1.9.6\aspectjweaver-1.9.6.jar;E:\stsworkpace\repository\org\springframework\boot\spring-boot-starter-jdbc\2.3.3.RELEASE\spring-boot-starter-jdbc-2.3.3.RELEASE.jar;E:\stsworkpace\repository\com\zaxxer\HikariCP\3.4.5\HikariCP-3.4.5.jar;E:\stsworkpace\repository\org\springframework\spring-jdbc\5.2.8.RELEASE\spring-jdbc-5.2.8.RELEASE.jar;E:\stsworkpace\repository\jakarta\transaction\jakarta.transaction-api\1.3.3\jakarta.transaction-api-1.3.3.jar;E:\stsworkpace\repository\jakarta\persistence\jakarta.persistence-api\2.2.3\jakarta.persistence-api-2.2.3.jar;E:\stsworkpace\repository\org\hibernate\hibernate-core\5.4.20.Final\hibernate-core-5.4.20.Final.jar;E:\stsworkpace\repository\org\jboss\logging\jboss-logging\3.4.1.Final\jboss-logging-3.4.1.Final.jar;E:\stsworkpace\repository\org\javassist\javassist\3.24.0-GA\javassist-3.24.0-GA.jar;E:\stsworkpace\repository\net\bytebuddy\byte-buddy\1.10.14\byte-buddy-1.10.14.jar;E:\stsworkpace\repository\antlr\antlr\2.7.7\antlr-2.7.7.jar;E:\stsworkpace\repository\org\jboss\jandex\2.1.3.Final\jandex-2.1.3.Final.jar;E:\stsworkpace\repository\org\dom4j\dom4j\2.1.3\dom4j-2.1.3.jar;E:\stsworkpace\repository\org\hibernate\common\hibernate-commons-annotations\5.1.0.Final\hibernate-commons-annotations-5.1.0.Final.jar;E:\stsworkpace\repository\org\glassfish\jaxb\jaxb-runtime\2.3.3\jaxb-runtime-2.3.3.jar;E:\stsworkpace\repository\org\glassfish\jaxb\txw2\2.3.3\txw2-2.3.3.jar;E:\stsworkpace\repository\com\sun\istack\istack-commons-runtime\3.0.11\istack-commons-runtime-3.0.11.jar;E:\stsworkpace\repository\com\sun\activation\jakarta.activation\1.2.2\jakarta.activation-1.2.2.jar;E:\stsworkpace\repository\org\springframework\data\spring-data-jpa\2.3.3.RELEASE\spring-data-jpa-2.3.3.RELEASE.jar;E:\stsworkpace\repository\org\springframework\data\spring-data-commons\2.3.3.RELEASE\spring-data-commons-2.3.3.RELEASE.jar;E:\stsworkpace\repository\org\springframework\spring-orm\5.2.8.RELEASE\spring-orm-5.2.8.RELEASE.jar;E:\stsworkpace\repository\org\springframework\spring-context\5.2.8.RELEASE\spring-context-5.2.8.RELEASE.jar;E:\stsworkpace\repository\org\springframework\spring-tx\5.2.8.RELEASE\spring-tx-5.2.8.RELEASE.jar;E:\stsworkpace\repository\org\springframework\spring-beans\5.2.8.RELEASE\spring-beans-5.2.8.RELEASE.jar;E:\stsworkpace\repository\org\springframework\spring-aspects\5.2.8.RELEASE\spring-aspects-5.2.8.RELEASE.jar;E:\stsworkpace\repository\org\springframework\boot\spring-boot-starter-web\2.3.3.RELEASE\spring-boot-starter-web-2.3.3.RELEASE.jar;E:\stsworkpace\repository\org\springframework\boot\spring-boot-starter\2.3.3.RELEASE\spring-boot-starter-2.3.3.RELEASE.jar;E:\stsworkpace\repository\org\springframework\boot\spring-boot-starter-logging\2.3.3.RELEASE\spring-boot-starter-logging-2.3.3.RELEASE.jar;E:\stsworkpace\repository\ch\qos\logback\logback-classic\1.2.3\logback-classic-1.2.3.jar;E:\stsworkpace\repository\ch\qos\logback\logback-core\1.2.3\logback-core-1.2.3.jar;E:\stsworkpace\repository\org\apache\logging\log4j\log4j-to-slf4j\2.13.3\log4j-to-slf4j-2.13.3.jar;E:\stsworkpace\repository\org\apache\logging\log4j\log4j-api\2.13.3\log4j-api-2.13.3.jar;E:\stsworkpace\repository\org\slf4j\jul-to-slf4j\1.7.30\jul-to-slf4j-1.7.30.jar;E:\stsworkpace\repository\jakarta\annotation\jakarta.annotation-api\1.3.5\jakarta.annotation-api-1.3.5.jar;E:\stsworkpace\repository\org\yaml\snakeyaml\1.26\snakeyaml-1.26.jar;E:\stsworkpace\repository\org\springframework\boot\spring-boot-starter-json\2.3.3.RELEASE\spring-boot-starter-json-2.3.3.RELEASE.jar;E:\stsworkpace\repository\com\fasterxml\jackson\datatype\jackson-datatype-jdk8\2.11.2\jackson-datatype-jdk8-2.11.2.jar;E:\stsworkpace\repository\com\fasterxml\jackson\datatype\jackson-datatype-jsr310\2.11.2\jackson-datatype-jsr310-2.11.2.jar;E:\stsworkpace\repository\com\fasterxml\jackson\module\jackson-module-parameter-names\2.11.2\jackson-module-parameter-names-2.11.2.jar;E:\stsworkpace\repository\org\springframework\boot\spring-boot-starter-tomcat\2.3.3.RELEASE\spring-boot-starter-tomcat-2.3.3.RELEASE.jar;E:\stsworkpace\repository\org\apache\tomcat\embed\tomcat-embed-core\9.0.37\tomcat-embed-core-9.0.37.jar;E:\stsworkpace\repository\org\glassfish\jakarta.el\3.0.3\jakarta.el-3.0.3.jar;E:\stsworkpace\repository\org\apache\tomcat\embed\tomcat-embed-websocket\9.0.37\tomcat-embed-websocket-9.0.37.jar;E:\stsworkpace\repository\org\springframework\spring-web\5.2.8.RELEASE\spring-web-5.2.8.RELEASE.jar;E:\stsworkpace\repository\org\springframework\spring-webmvc\5.2.8.RELEASE\spring-webmvc-5.2.8.RELEASE.jar;E:\stsworkpace\repository\org\springframework\spring-expression\5.2.8.RELEASE\spring-expression-5.2.8.RELEASE.jar;E:\stsworkpace\repository\org\springframework\boot\spring-boot-devtools\2.3.3.RELEASE\spring-boot-devtools-2.3.3.RELEASE.jar;E:\stsworkpace\repository\org\springframework\boot\spring-boot\2.3.3.RELEASE\spring-boot-2.3.3.RELEASE.jar;E:\stsworkpace\repository\org\springframework\boot\spring-boot-autoconfigure\2.3.3.RELEASE\spring-boot-autoconfigure-2.3.3.RELEASE.jar;E:\stsworkpace\repository\com\oracle\database\jdbc\ojdbc8\19.3.0.0\ojdbc8-19.3.0.0.jar;E:\stsworkpace\repository\com\oracle\database\jdbc\ucp\19.3.0.0\ucp-19.3.0.0.jar;E:\stsworkpace\repository\com\oracle\database\security\oraclepki\19.3.0.0\oraclepki-19.3.0.0.jar;E:\stsworkpace\repository\com\oracle\database\security\osdt_cert\19.3.0.0\osdt_cert-19.3.0.0.jar;E:\stsworkpace\repository\com\oracle\database\security\osdt_core\19.3.0.0\osdt_core-19.3.0.0.jar;E:\stsworkpace\repository\com\oracle\database\ha\simplefan\19.3.0.0\simplefan-19.3.0.0.jar;E:\stsworkpace\repository\com\oracle\database\ha\ons\19.3.0.0\ons-19.3.0.0.jar;E:\stsworkpace\repository\io\springfox\springfox-swagger2\2.7.0\springfox-swagger2-2.7.0.jar;E:\stsworkpace\repository\io\swagger\swagger-annotations\1.5.13\swagger-annotations-1.5.13.jar;E:\stsworkpace\repository\io\swagger\swagger-models\1.5.13\swagger-models-1.5.13.jar;E:\stsworkpace\repository\io\springfox\springfox-spi\2.7.0\springfox-spi-2.7.0.jar;E:\stsworkpace\repository\io\springfox\springfox-core\2.7.0\springfox-core-2.7.0.jar;E:\stsworkpace\repository\io\springfox\springfox-schema\2.7.0\springfox-schema-2.7.0.jar;E:\stsworkpace\repository\io\springfox\springfox-swagger-common\2.7.0\springfox-swagger-common-2.7.0.jar;E:\stsworkpace\repository\io\springfox\springfox-spring-web\2.7.0\springfox-spring-web-2.7.0.jar;E:\stsworkpace\repository\org\reflections\reflections\0.9.11\reflections-0.9.11.jar;E:\stsworkpace\repository\com\google\guava\guava\18.0\guava-18.0.jar;E:\stsworkpace\repository\com\fasterxml\classmate\1.5.1\classmate-1.5.1.jar;E:\stsworkpace\repository\org\slf4j\slf4j-api\1.7.30\slf4j-api-1.7.30.jar;E:\stsworkpace\repository\org\springframework\plugin\spring-plugin-core\1.2.0.RELEASE\spring-plugin-core-1.2.0.RELEASE.jar;E:\stsworkpace\repository\org\springframework\plugin\spring-plugin-metadata\1.2.0.RELEASE\spring-plugin-metadata-1.2.0.RELEASE.jar;E:\stsworkpace\repository\org\mapstruct\mapstruct\1.1.0.Final\mapstruct-1.1.0.Final.jar;E:\stsworkpace\repository\io\springfox\springfox-swagger-ui\2.7.0\springfox-swagger-ui-2.7.0.jar;E:\stsworkpace\repository\commons-io\commons-io\2.4\commons-io-2.4.jar;E:\stsworkpace\repository\org\springframework\cloud\spring-cloud-starter-openfeign\2.2.5.RELEASE\spring-cloud-starter-openfeign-2.2.5.RELEASE.jar;E:\stsworkpace\repository\org\springframework\cloud\spring-cloud-starter\2.2.5.RELEASE\spring-cloud-starter-2.2.5.RELEASE.jar;E:\stsworkpace\repository\org\springframework\cloud\spring-cloud-context\2.2.5.RELEASE\spring-cloud-context-2.2.5.RELEASE.jar;E:\stsworkpace\repository\org\springframework\security\spring-security-rsa\1.0.9.RELEASE\spring-security-rsa-1.0.9.RELEASE.jar;E:\stsworkpace\repository\org\bouncycastle\bcpkix-jdk15on\1.64\bcpkix-jdk15on-1.64.jar;E:\stsworkpace\repository\org\bouncycastle\bcprov-jdk15on\1.64\bcprov-jdk15on-1.64.jar;E:\stsworkpace\repository\org\springframework\cloud\spring-cloud-openfeign-core\2.2.5.RELEASE\spring-cloud-openfeign-core-2.2.5.RELEASE.jar;E:\stsworkpace\repository\org\springframework\cloud\spring-cloud-netflix-ribbon\2.2.5.RELEASE\spring-cloud-netflix-ribbon-2.2.5.RELEASE.jar;E:\stsworkpace\repository\org\springframework\cloud\spring-cloud-netflix-archaius\2.2.5.RELEASE\spring-cloud-netflix-archaius-2.2.5.RELEASE.jar;E:\stsworkpace\repository\io\github\openfeign\form\feign-form-spring\3.8.0\feign-form-spring-3.8.0.jar;E:\stsworkpace\repository\io\github\openfeign\form\feign-form\3.8.0\feign-form-3.8.0.jar;E:\stsworkpace\repository\commons-fileupload\commons-fileupload\1.4\commons-fileupload-1.4.jar;E:\stsworkpace\repository\org\springframework\cloud\spring-cloud-commons\2.2.5.RELEASE\spring-cloud-commons-2.2.5.RELEASE.jar;E:\stsworkpace\repository\org\springframework\security\spring-security-crypto\5.3.4.RELEASE\spring-security-crypto-5.3.4.RELEASE.jar;E:\stsworkpace\repository\io\github\openfeign\feign-core\10.10.1\feign-core-10.10.1.jar;E:\stsworkpace\repository\io\github\openfeign\feign-slf4j\10.10.1\feign-slf4j-10.10.1.jar;E:\stsworkpace\repository\io\github\openfeign\feign-hystrix\10.10.1\feign-hystrix-10.10.1.jar;E:\stsworkpace\repository\com\netflix\archaius\archaius-core\0.7.6\archaius-core-0.7.6.jar;E:\stsworkpace\repository\com\google\code\findbugs\jsr305\3.0.1\jsr305-3.0.1.jar;E:\stsworkpace\repository\commons-configuration\commons-configuration\1.8\commons-configuration-1.8.jar;E:\stsworkpace\repository\commons-lang\commons-lang\2.6\commons-lang-2.6.jar;E:\stsworkpace\repository\commons-logging\commons-logging\1.1.1\commons-logging-1.1.1.jar;E:\stsworkpace\repository\com\netflix\hystrix\hystrix-core\1.5.18\hystrix-core-1.5.18.jar;E:\stsworkpace\repository\io\reactivex\rxjava\1.3.8\rxjava-1.3.8.jar;E:\stsworkpace\repository\org\hdrhistogram\HdrHistogram\2.1.9\HdrHistogram-2.1.9.jar;E:\stsworkpace\repository\org\springframework\boot\spring-boot-starter-test\2.3.3.RELEASE\spring-boot-starter-test-2.3.3.RELEASE.jar;E:\stsworkpace\repository\org\springframework\boot\spring-boot-test\2.3.3.RELEASE\spring-boot-test-2.3.3.RELEASE.jar;E:\stsworkpace\repository\org\springframework\boot\spring-boot-test-autoconfigure\2.3.3.RELEASE\spring-boot-test-autoconfigure-2.3.3.RELEASE.jar;E:\stsworkpace\repository\com\jayway\jsonpath\json-path\2.4.0\json-path-2.4.0.jar;E:\stsworkpace\repository\net\minidev\json-smart\2.3\json-smart-2.3.jar;E:\stsworkpace\repository\net\minidev\accessors-smart\1.2\accessors-smart-1.2.jar;E:\stsworkpace\repository\org\ow2\asm\asm\5.0.4\asm-5.0.4.jar;E:\stsworkpace\repository\jakarta\xml\bind\jakarta.xml.bind-api\2.3.3\jakarta.xml.bind-api-2.3.3.jar;E:\stsworkpace\repository\jakarta\activation\jakarta.activation-api\1.2.2\jakarta.activation-api-1.2.2.jar;E:\stsworkpace\repository\org\assertj\assertj-core\3.16.1\assertj-core-3.16.1.jar;E:\stsworkpace\repository\org\hamcrest\hamcrest\2.2\hamcrest-2.2.jar;E:\stsworkpace\repository\org\junit\jupiter\junit-jupiter\5.6.2\junit-jupiter-5.6.2.jar;E:\stsworkpace\repository\org\junit\jupiter\junit-jupiter-api\5.6.2\junit-jupiter-api-5.6.2.jar;E:\stsworkpace\repository\org\apiguardian\apiguardian-api\1.1.0\apiguardian-api-1.1.0.jar;E:\stsworkpace\repository\org\opentest4j\opentest4j\1.2.0\opentest4j-1.2.0.jar;E:\stsworkpace\repository\org\junit\platform\junit-platform-commons\1.6.2\junit-platform-commons-1.6.2.jar;E:\stsworkpace\repository\org\junit\jupiter\junit-jupiter-params\5.6.2\junit-jupiter-params-5.6.2.jar;E:\stsworkpace\repository\org\junit\jupiter\junit-jupiter-engine\5.6.2\junit-jupiter-engine-5.6.2.jar;E:\stsworkpace\repository\org\junit\platform\junit-platform-engine\1.6.2\junit-platform-engine-1.6.2.jar;E:\stsworkpace\repository\org\mockito\mockito-core\3.3.3\mockito-core-3.3.3.jar;E:\stsworkpace\repository\net\bytebuddy\byte-buddy-agent\1.10.14\byte-buddy-agent-1.10.14.jar;E:\stsworkpace\repository\org\objenesis\objenesis\2.6\objenesis-2.6.jar;E:\stsworkpace\repository\org\mockito\mockito-junit-jupiter\3.3.3\mockito-junit-jupiter-3.3.3.jar;E:\stsworkpace\repository\org\skyscreamer\jsonassert\1.5.0\jsonassert-1.5.0.jar;E:\stsworkpace\repository\com\vaadin\external\google\android-json\0.0.20131108.vaadin1\android-json-0.0.20131108.vaadin1.jar;E:\stsworkpace\repository\org\springframework\spring-core\5.2.8.RELEASE\spring-core-5.2.8.RELEASE.jar;E:\stsworkpace\repository\org\springframework\spring-jcl\5.2.8.RELEASE\spring-jcl-5.2.8.RELEASE.jar;E:\stsworkpace\repository\org\springframework\spring-test\5.2.8.RELEASE\spring-test-5.2.8.RELEASE.jar;E:\stsworkpace\repository\org\xmlunit\xmlunit-core\2.7.0\xmlunit-core-2.7.0.jar;"/>
    <property name="java.vm.vendor" value="Oracle Corporation"/>
    <property name="sun.arch.data.model" value="64"/>
    <property name="user.variant" value=""/>
    <property name="java.vendor.url" value="http://java.oracle.com/"/>
    <property name="user.timezone" value="Asia/Shanghai"/>
    <property name="java.vm.specification.version" value="1.8"/>
    <property name="os.name" value="Windows 10"/>
    <property name="user.country" value="CN"/>
    <property name="sun.java.launcher" value="SUN_STANDARD"/>
    <property name="sun.boot.library.path" value="D:\JDK\jdk1.8.0_221\jre\bin"/>
    <property name="sun.java.command" value="C:\Users\Hasee\AppData\Local\Temp\surefire5343669809222053463\surefirebooter5701894734852864595.jar C:\Users\Hasee\AppData\Local\Temp\surefire5343669809222053463 2020-10-21T13-20-52_025-jvmRun1 surefire7286599426150482056tmp surefire_03797271813493286630tmp"/>
    <property name="surefire.test.class.path" value="E:\definesys\rt\target\test-classes;E:\definesys\rt\target\classes;E:\stsworkpace\repository\com\auth0\java-jwt\3.4.1\java-jwt-3.4.1.jar;E:\stsworkpace\repository\com\fasterxml\jackson\core\jackson-databind\2.11.2\jackson-databind-2.11.2.jar;E:\stsworkpace\repository\com\fasterxml\jackson\core\jackson-annotations\2.11.2\jackson-annotations-2.11.2.jar;E:\stsworkpace\repository\com\fasterxml\jackson\core\jackson-core\2.11.2\jackson-core-2.11.2.jar;E:\stsworkpace\repository\commons-codec\commons-codec\1.14\commons-codec-1.14.jar;E:\stsworkpace\repository\org\apache\commons\commons-lang3\3.9\commons-lang3-3.9.jar;E:\stsworkpace\repository\org\springframework\boot\spring-boot-starter-data-jpa\2.3.3.RELEASE\spring-boot-starter-data-jpa-2.3.3.RELEASE.jar;E:\stsworkpace\repository\org\springframework\boot\spring-boot-starter-aop\2.3.3.RELEASE\spring-boot-starter-aop-2.3.3.RELEASE.jar;E:\stsworkpace\repository\org\springframework\spring-aop\5.2.8.RELEASE\spring-aop-5.2.8.RELEASE.jar;E:\stsworkpace\repository\org\aspectj\aspectjweaver\1.9.6\aspectjweaver-1.9.6.jar;E:\stsworkpace\repository\org\springframework\boot\spring-boot-starter-jdbc\2.3.3.RELEASE\spring-boot-starter-jdbc-2.3.3.RELEASE.jar;E:\stsworkpace\repository\com\zaxxer\HikariCP\3.4.5\HikariCP-3.4.5.jar;E:\stsworkpace\repository\org\springframework\spring-jdbc\5.2.8.RELEASE\spring-jdbc-5.2.8.RELEASE.jar;E:\stsworkpace\repository\jakarta\transaction\jakarta.transaction-api\1.3.3\jakarta.transaction-api-1.3.3.jar;E:\stsworkpace\repository\jakarta\persistence\jakarta.persistence-api\2.2.3\jakarta.persistence-api-2.2.3.jar;E:\stsworkpace\repository\org\hibernate\hibernate-core\5.4.20.Final\hibernate-core-5.4.20.Final.jar;E:\stsworkpace\repository\org\jboss\logging\jboss-logging\3.4.1.Final\jboss-logging-3.4.1.Final.jar;E:\stsworkpace\repository\org\javassist\javassist\3.24.0-GA\javassist-3.24.0-GA.jar;E:\stsworkpace\repository\net\bytebuddy\byte-buddy\1.10.14\byte-buddy-1.10.14.jar;E:\stsworkpace\repository\antlr\antlr\2.7.7\antlr-2.7.7.jar;E:\stsworkpace\repository\org\jboss\jandex\2.1.3.Final\jandex-2.1.3.Final.jar;E:\stsworkpace\repository\org\dom4j\dom4j\2.1.3\dom4j-2.1.3.jar;E:\stsworkpace\repository\org\hibernate\common\hibernate-commons-annotations\5.1.0.Final\hibernate-commons-annotations-5.1.0.Final.jar;E:\stsworkpace\repository\org\glassfish\jaxb\jaxb-runtime\2.3.3\jaxb-runtime-2.3.3.jar;E:\stsworkpace\repository\org\glassfish\jaxb\txw2\2.3.3\txw2-2.3.3.jar;E:\stsworkpace\repository\com\sun\istack\istack-commons-runtime\3.0.11\istack-commons-runtime-3.0.11.jar;E:\stsworkpace\repository\com\sun\activation\jakarta.activation\1.2.2\jakarta.activation-1.2.2.jar;E:\stsworkpace\repository\org\springframework\data\spring-data-jpa\2.3.3.RELEASE\spring-data-jpa-2.3.3.RELEASE.jar;E:\stsworkpace\repository\org\springframework\data\spring-data-commons\2.3.3.RELEASE\spring-data-commons-2.3.3.RELEASE.jar;E:\stsworkpace\repository\org\springframework\spring-orm\5.2.8.RELEASE\spring-orm-5.2.8.RELEASE.jar;E:\stsworkpace\repository\org\springframework\spring-context\5.2.8.RELEASE\spring-context-5.2.8.RELEASE.jar;E:\stsworkpace\repository\org\springframework\spring-tx\5.2.8.RELEASE\spring-tx-5.2.8.RELEASE.jar;E:\stsworkpace\repository\org\springframework\spring-beans\5.2.8.RELEASE\spring-beans-5.2.8.RELEASE.jar;E:\stsworkpace\repository\org\springframework\spring-aspects\5.2.8.RELEASE\spring-aspects-5.2.8.RELEASE.jar;E:\stsworkpace\repository\org\springframework\boot\spring-boot-starter-web\2.3.3.RELEASE\spring-boot-starter-web-2.3.3.RELEASE.jar;E:\stsworkpace\repository\org\springframework\boot\spring-boot-starter\2.3.3.RELEASE\spring-boot-starter-2.3.3.RELEASE.jar;E:\stsworkpace\repository\org\springframework\boot\spring-boot-starter-logging\2.3.3.RELEASE\spring-boot-starter-logging-2.3.3.RELEASE.jar;E:\stsworkpace\repository\ch\qos\logback\logback-classic\1.2.3\logback-classic-1.2.3.jar;E:\stsworkpace\repository\ch\qos\logback\logback-core\1.2.3\logback-core-1.2.3.jar;E:\stsworkpace\repository\org\apache\logging\log4j\log4j-to-slf4j\2.13.3\log4j-to-slf4j-2.13.3.jar;E:\stsworkpace\repository\org\apache\logging\log4j\log4j-api\2.13.3\log4j-api-2.13.3.jar;E:\stsworkpace\repository\org\slf4j\jul-to-slf4j\1.7.30\jul-to-slf4j-1.7.30.jar;E:\stsworkpace\repository\jakarta\annotation\jakarta.annotation-api\1.3.5\jakarta.annotation-api-1.3.5.jar;E:\stsworkpace\repository\org\yaml\snakeyaml\1.26\snakeyaml-1.26.jar;E:\stsworkpace\repository\org\springframework\boot\spring-boot-starter-json\2.3.3.RELEASE\spring-boot-starter-json-2.3.3.RELEASE.jar;E:\stsworkpace\repository\com\fasterxml\jackson\datatype\jackson-datatype-jdk8\2.11.2\jackson-datatype-jdk8-2.11.2.jar;E:\stsworkpace\repository\com\fasterxml\jackson\datatype\jackson-datatype-jsr310\2.11.2\jackson-datatype-jsr310-2.11.2.jar;E:\stsworkpace\repository\com\fasterxml\jackson\module\jackson-module-parameter-names\2.11.2\jackson-module-parameter-names-2.11.2.jar;E:\stsworkpace\repository\org\springframework\boot\spring-boot-starter-tomcat\2.3.3.RELEASE\spring-boot-starter-tomcat-2.3.3.RELEASE.jar;E:\stsworkpace\repository\org\apache\tomcat\embed\tomcat-embed-core\9.0.37\tomcat-embed-core-9.0.37.jar;E:\stsworkpace\repository\org\glassfish\jakarta.el\3.0.3\jakarta.el-3.0.3.jar;E:\stsworkpace\repository\org\apache\tomcat\embed\tomcat-embed-websocket\9.0.37\tomcat-embed-websocket-9.0.37.jar;E:\stsworkpace\repository\org\springframework\spring-web\5.2.8.RELEASE\spring-web-5.2.8.RELEASE.jar;E:\stsworkpace\repository\org\springframework\spring-webmvc\5.2.8.RELEASE\spring-webmvc-5.2.8.RELEASE.jar;E:\stsworkpace\repository\org\springframework\spring-expression\5.2.8.RELEASE\spring-expression-5.2.8.RELEASE.jar;E:\stsworkpace\repository\org\springframework\boot\spring-boot-devtools\2.3.3.RELEASE\spring-boot-devtools-2.3.3.RELEASE.jar;E:\stsworkpace\repository\org\springframework\boot\spring-boot\2.3.3.RELEASE\spring-boot-2.3.3.RELEASE.jar;E:\stsworkpace\repository\org\springframework\boot\spring-boot-autoconfigure\2.3.3.RELEASE\spring-boot-autoconfigure-2.3.3.RELEASE.jar;E:\stsworkpace\repository\com\oracle\database\jdbc\ojdbc8\19.3.0.0\ojdbc8-19.3.0.0.jar;E:\stsworkpace\repository\com\oracle\database\jdbc\ucp\19.3.0.0\ucp-19.3.0.0.jar;E:\stsworkpace\repository\com\oracle\database\security\oraclepki\19.3.0.0\oraclepki-19.3.0.0.jar;E:\stsworkpace\repository\com\oracle\database\security\osdt_cert\19.3.0.0\osdt_cert-19.3.0.0.jar;E:\stsworkpace\repository\com\oracle\database\security\osdt_core\19.3.0.0\osdt_core-19.3.0.0.jar;E:\stsworkpace\repository\com\oracle\database\ha\simplefan\19.3.0.0\simplefan-19.3.0.0.jar;E:\stsworkpace\repository\com\oracle\database\ha\ons\19.3.0.0\ons-19.3.0.0.jar;E:\stsworkpace\repository\io\springfox\springfox-swagger2\2.7.0\springfox-swagger2-2.7.0.jar;E:\stsworkpace\repository\io\swagger\swagger-annotations\1.5.13\swagger-annotations-1.5.13.jar;E:\stsworkpace\repository\io\swagger\swagger-models\1.5.13\swagger-models-1.5.13.jar;E:\stsworkpace\repository\io\springfox\springfox-spi\2.7.0\springfox-spi-2.7.0.jar;E:\stsworkpace\repository\io\springfox\springfox-core\2.7.0\springfox-core-2.7.0.jar;E:\stsworkpace\repository\io\springfox\springfox-schema\2.7.0\springfox-schema-2.7.0.jar;E:\stsworkpace\repository\io\springfox\springfox-swagger-common\2.7.0\springfox-swagger-common-2.7.0.jar;E:\stsworkpace\repository\io\springfox\springfox-spring-web\2.7.0\springfox-spring-web-2.7.0.jar;E:\stsworkpace\repository\org\reflections\reflections\0.9.11\reflections-0.9.11.jar;E:\stsworkpace\repository\com\google\guava\guava\18.0\guava-18.0.jar;E:\stsworkpace\repository\com\fasterxml\classmate\1.5.1\classmate-1.5.1.jar;E:\stsworkpace\repository\org\slf4j\slf4j-api\1.7.30\slf4j-api-1.7.30.jar;E:\stsworkpace\repository\org\springframework\plugin\spring-plugin-core\1.2.0.RELEASE\spring-plugin-core-1.2.0.RELEASE.jar;E:\stsworkpace\repository\org\springframework\plugin\spring-plugin-metadata\1.2.0.RELEASE\spring-plugin-metadata-1.2.0.RELEASE.jar;E:\stsworkpace\repository\org\mapstruct\mapstruct\1.1.0.Final\mapstruct-1.1.0.Final.jar;E:\stsworkpace\repository\io\springfox\springfox-swagger-ui\2.7.0\springfox-swagger-ui-2.7.0.jar;E:\stsworkpace\repository\commons-io\commons-io\2.4\commons-io-2.4.jar;E:\stsworkpace\repository\org\springframework\cloud\spring-cloud-starter-openfeign\2.2.5.RELEASE\spring-cloud-starter-openfeign-2.2.5.RELEASE.jar;E:\stsworkpace\repository\org\springframework\cloud\spring-cloud-starter\2.2.5.RELEASE\spring-cloud-starter-2.2.5.RELEASE.jar;E:\stsworkpace\repository\org\springframework\cloud\spring-cloud-context\2.2.5.RELEASE\spring-cloud-context-2.2.5.RELEASE.jar;E:\stsworkpace\repository\org\springframework\security\spring-security-rsa\1.0.9.RELEASE\spring-security-rsa-1.0.9.RELEASE.jar;E:\stsworkpace\repository\org\bouncycastle\bcpkix-jdk15on\1.64\bcpkix-jdk15on-1.64.jar;E:\stsworkpace\repository\org\bouncycastle\bcprov-jdk15on\1.64\bcprov-jdk15on-1.64.jar;E:\stsworkpace\repository\org\springframework\cloud\spring-cloud-openfeign-core\2.2.5.RELEASE\spring-cloud-openfeign-core-2.2.5.RELEASE.jar;E:\stsworkpace\repository\org\springframework\cloud\spring-cloud-netflix-ribbon\2.2.5.RELEASE\spring-cloud-netflix-ribbon-2.2.5.RELEASE.jar;E:\stsworkpace\repository\org\springframework\cloud\spring-cloud-netflix-archaius\2.2.5.RELEASE\spring-cloud-netflix-archaius-2.2.5.RELEASE.jar;E:\stsworkpace\repository\io\github\openfeign\form\feign-form-spring\3.8.0\feign-form-spring-3.8.0.jar;E:\stsworkpace\repository\io\github\openfeign\form\feign-form\3.8.0\feign-form-3.8.0.jar;E:\stsworkpace\repository\commons-fileupload\commons-fileupload\1.4\commons-fileupload-1.4.jar;E:\stsworkpace\repository\org\springframework\cloud\spring-cloud-commons\2.2.5.RELEASE\spring-cloud-commons-2.2.5.RELEASE.jar;E:\stsworkpace\repository\org\springframework\security\spring-security-crypto\5.3.4.RELEASE\spring-security-crypto-5.3.4.RELEASE.jar;E:\stsworkpace\repository\io\github\openfeign\feign-core\10.10.1\feign-core-10.10.1.jar;E:\stsworkpace\repository\io\github\openfeign\feign-slf4j\10.10.1\feign-slf4j-10.10.1.jar;E:\stsworkpace\repository\io\github\openfeign\feign-hystrix\10.10.1\feign-hystrix-10.10.1.jar;E:\stsworkpace\repository\com\netflix\archaius\archaius-core\0.7.6\archaius-core-0.7.6.jar;E:\stsworkpace\repository\com\google\code\findbugs\jsr305\3.0.1\jsr305-3.0.1.jar;E:\stsworkpace\repository\commons-configuration\commons-configuration\1.8\commons-configuration-1.8.jar;E:\stsworkpace\repository\commons-lang\commons-lang\2.6\commons-lang-2.6.jar;E:\stsworkpace\repository\commons-logging\commons-logging\1.1.1\commons-logging-1.1.1.jar;E:\stsworkpace\repository\com\netflix\hystrix\hystrix-core\1.5.18\hystrix-core-1.5.18.jar;E:\stsworkpace\repository\io\reactivex\rxjava\1.3.8\rxjava-1.3.8.jar;E:\stsworkpace\repository\org\hdrhistogram\HdrHistogram\2.1.9\HdrHistogram-2.1.9.jar;E:\stsworkpace\repository\org\springframework\boot\spring-boot-starter-test\2.3.3.RELEASE\spring-boot-starter-test-2.3.3.RELEASE.jar;E:\stsworkpace\repository\org\springframework\boot\spring-boot-test\2.3.3.RELEASE\spring-boot-test-2.3.3.RELEASE.jar;E:\stsworkpace\repository\org\springframework\boot\spring-boot-test-autoconfigure\2.3.3.RELEASE\spring-boot-test-autoconfigure-2.3.3.RELEASE.jar;E:\stsworkpace\repository\com\jayway\jsonpath\json-path\2.4.0\json-path-2.4.0.jar;E:\stsworkpace\repository\net\minidev\json-smart\2.3\json-smart-2.3.jar;E:\stsworkpace\repository\net\minidev\accessors-smart\1.2\accessors-smart-1.2.jar;E:\stsworkpace\repository\org\ow2\asm\asm\5.0.4\asm-5.0.4.jar;E:\stsworkpace\repository\jakarta\xml\bind\jakarta.xml.bind-api\2.3.3\jakarta.xml.bind-api-2.3.3.jar;E:\stsworkpace\repository\jakarta\activation\jakarta.activation-api\1.2.2\jakarta.activation-api-1.2.2.jar;E:\stsworkpace\repository\org\assertj\assertj-core\3.16.1\assertj-core-3.16.1.jar;E:\stsworkpace\repository\org\hamcrest\hamcrest\2.2\hamcrest-2.2.jar;E:\stsworkpace\repository\org\junit\jupiter\junit-jupiter\5.6.2\junit-jupiter-5.6.2.jar;E:\stsworkpace\repository\org\junit\jupiter\junit-jupiter-api\5.6.2\junit-jupiter-api-5.6.2.jar;E:\stsworkpace\repository\org\apiguardian\apiguardian-api\1.1.0\apiguardian-api-1.1.0.jar;E:\stsworkpace\repository\org\opentest4j\opentest4j\1.2.0\opentest4j-1.2.0.jar;E:\stsworkpace\repository\org\junit\platform\junit-platform-commons\1.6.2\junit-platform-commons-1.6.2.jar;E:\stsworkpace\repository\org\junit\jupiter\junit-jupiter-params\5.6.2\junit-jupiter-params-5.6.2.jar;E:\stsworkpace\repository\org\junit\jupiter\junit-jupiter-engine\5.6.2\junit-jupiter-engine-5.6.2.jar;E:\stsworkpace\repository\org\junit\platform\junit-platform-engine\1.6.2\junit-platform-engine-1.6.2.jar;E:\stsworkpace\repository\org\mockito\mockito-core\3.3.3\mockito-core-3.3.3.jar;E:\stsworkpace\repository\net\bytebuddy\byte-buddy-agent\1.10.14\byte-buddy-agent-1.10.14.jar;E:\stsworkpace\repository\org\objenesis\objenesis\2.6\objenesis-2.6.jar;E:\stsworkpace\repository\org\mockito\mockito-junit-jupiter\3.3.3\mockito-junit-jupiter-3.3.3.jar;E:\stsworkpace\repository\org\skyscreamer\jsonassert\1.5.0\jsonassert-1.5.0.jar;E:\stsworkpace\repository\com\vaadin\external\google\android-json\0.0.20131108.vaadin1\android-json-0.0.20131108.vaadin1.jar;E:\stsworkpace\repository\org\springframework\spring-core\5.2.8.RELEASE\spring-core-5.2.8.RELEASE.jar;E:\stsworkpace\repository\org\springframework\spring-jcl\5.2.8.RELEASE\spring-jcl-5.2.8.RELEASE.jar;E:\stsworkpace\repository\org\springframework\spring-test\5.2.8.RELEASE\spring-test-5.2.8.RELEASE.jar;E:\stsworkpace\repository\org\xmlunit\xmlunit-core\2.7.0\xmlunit-core-2.7.0.jar;"/>
    <property name="sun.cpu.endian" value="little"/>
    <property name="user.home" value="C:\Users\Hasee"/>
    <property name="user.language" value="zh"/>
    <property name="java.specification.vendor" value="Oracle Corporation"/>
    <property name="java.home" value="D:\JDK\jdk1.8.0_221\jre"/>
    <property name="basedir" value="E:\definesys\rt"/>
    <property name="file.separator" value="\"/>
    <property name="line.separator" value="&#10;"/>
    <property name="java.vm.specification.vendor" value="Oracle Corporation"/>
    <property name="java.specification.name" value="Java Platform API Specification"/>
    <property name="java.awt.graphicsenv" value="sun.awt.Win32GraphicsEnvironment"/>
    <property name="surefire.real.class.path" value="C:\Users\Hasee\AppData\Local\Temp\surefire5343669809222053463\surefirebooter5701894734852864595.jar"/>
    <property name="sun.boot.class.path" value="D:\JDK\jdk1.8.0_221\jre\lib\resources.jar;D:\JDK\jdk1.8.0_221\jre\lib\rt.jar;D:\JDK\jdk1.8.0_221\jre\lib\sunrsasign.jar;D:\JDK\jdk1.8.0_221\jre\lib\jsse.jar;D:\JDK\jdk1.8.0_221\jre\lib\jce.jar;D:\JDK\jdk1.8.0_221\jre\lib\charsets.jar;D:\JDK\jdk1.8.0_221\jre\lib\jfr.jar;D:\JDK\jdk1.8.0_221\jre\classes"/>
    <property name="user.script" value=""/>
    <property name="sun.management.compiler" value="HotSpot 64-Bit Tiered Compilers"/>
    <property name="java.runtime.version" value="1.8.0_221-b11"/>
    <property name="user.name" value="Hasee"/>
    <property name="path.separator" value=";"/>
    <property name="os.version" value="10.0"/>
    <property name="java.endorsed.dirs" value="D:\JDK\jdk1.8.0_221\jre\lib\endorsed"/>
    <property name="java.runtime.name" value="Java(TM) SE Runtime Environment"/>
    <property name="file.encoding" value="GBK"/>
    <property name="java.vm.name" value="Java HotSpot(TM) 64-Bit Server VM"/>
    <property name="localRepository" value="E:\stsworkpace\repository"/>
    <property name="java.vendor.url.bug" value="http://bugreport.sun.com/bugreport/"/>
    <property name="java.io.tmpdir" value="C:\Users\Hasee\AppData\Local\Temp\"/>
    <property name="java.version" value="1.8.0_221"/>
    <property name="user.dir" value="E:\definesys\rt"/>
    <property name="os.arch" value="amd64"/>
    <property name="java.vm.specification.name" value="Java Virtual Machine Specification"/>
    <property name="java.awt.printerjob" value="sun.awt.windows.WPrinterJob"/>
    <property name="idea.version2019.3.1" value="true"/>
    <property name="sun.os.patch.level" value=""/>
    <property name="java.library.path" value="D:\JDK\jdk1.8.0_221\jre\bin;C:\Windows\Sun\Java\bin;C:\Windows\system32;C:\Windows;E:\oracle10g\app\oracle\product\10.2.0\server\bin;D:\JDK\jdk1.8.0_221\bin;C:\Windows\system32;C:\Windows;C:\Windows\System32\Wbem;C:\Windows\System32\WindowsPowerShell\v1.0\;C:\Windows\System32\OpenSSH\;E:\VisualSVN Server\bin;E:\TortoiseSVN\bin;E:\stsworkpace\apache-maven-3.3.9\bin;C:\Program Files (x86)\NVIDIA Corporation\PhysX\Common;E:\mysql\bin;%MAVEN_HOME\bin;D:\git\Git\cmd;D:\Node.js\;;D:\VSCode\Microsoft VS Code\bin;C:\Users\Hasee\AppData\Roaming\npm;."/>
    <property name="java.vm.info" value="mixed mode"/>
    <property name="java.vendor" value="Oracle Corporation"/>
    <property name="java.vm.version" value="25.221-b11"/>
    <property name="java.ext.dirs" value="D:\JDK\jdk1.8.0_221\jre\lib\ext;C:\Windows\Sun\Java\lib\ext"/>
    <property name="sun.io.unicode.encoding" value="UnicodeLittle"/>
    <property name="java.class.version" value="52.0"/>
  </properties>
  <testcase name="contextLoads" classname="com.definesys.rt.RtApplicationTests" time="0.083"/>
</testsuite>